<?xml version="1.0" encoding="UTF-8"?>
<!-- Generated by org.testng.reporters.JUnitXMLReporter -->
<testsuite ignored="1" hostname="Neethu" failures="0" tests="1" name="parameter" time="0.149" errors="0" timestamp="2025-02-06T11:37:01 IST">
  <testcase classname="testScript.Base" name="@BeforeMethod setUp" time="-1.738822021169E9">
    <failure type="org.testng.TestNGException" message="
Parameter &amp;apos;browzer&amp;apos; is required by BeforeMethod on method setUp but has not been marked @Optional or defined
in C:\Users\iamne\git\7RMartSuperMarket\7rMartSuperMarket\ExtendReports.xml">
      <![CDATA[org.testng.TestNGException: 
Parameter 'browzer' is required by BeforeMethod on method setUp but has not been marked @Optional or defined
in C:\Users\iamne\git\7RMartSuperMarket\7rMartSuperMarket\ExtendReports.xml
at java.base/java.util.ArrayList.forEach(ArrayList.java:1596)
... Removed 28 stack frames]]>
    </failure>
  </testcase> <!-- @BeforeMethod setUp -->
  <testcase classname="testScript.Base" name="@AfterMethod tearDown" time="0.0">
    <skipped/>
  </testcase> <!-- @AfterMethod tearDown -->
  <testcase classname="testScript.AdminUsersTest" name="verifyCreationOfNewAdminUsers" time="0.001">
    <skipped/>
  </testcase> <!-- verifyCreationOfNewAdminUsers -->
  <testcase classname="testScript.AdminUsersTest" name="verifyAdminUserSearch" time="0.0">
    <ignored/>
  </testcase> <!-- verifyAdminUserSearch -->
</testsuite> <!-- parameter -->
